<?xml version="1.0" encoding="UTF-8"?>
<!-- Generated by org.testng.reporters.JUnitReportReporter -->
<testsuite skipped="0" hostname="hp-PC" name="com.crm.TestCases.HomePageTest" tests="3" failures="0" timestamp="23 Jan 2019 10:52:31 GMT" time="95.821" errors="0">
  <testcase name="verifyHomePageTitleTest" time="18.745" classname="com.crm.TestCases.HomePageTest"/>
  <testcase name="verifyUserNameTest" time="58.109" classname="com.crm.TestCases.HomePageTest"/>
  <testcase name="verifyContactsLinkTest" time="18.967" classname="com.crm.TestCases.HomePageTest"/>
</testsuite> <!-- com.crm.TestCases.HomePageTest -->
