<?xml version="1.0" encoding="UTF-8"?>
<!-- Generated by org.testng.reporters.JUnitReportReporter -->
<testsuite skipped="0" hostname="hp-PC" name="com.crm.TestCases.LoginPageTest" tests="3" failures="0" timestamp="23 Jan 2019 10:52:31 GMT" time="45.387" errors="0">
  <testcase name="loginPageTitleTest" time="12.816" classname="com.crm.TestCases.LoginPageTest"/>
  <testcase name="crmLogoImageTest" time="11.042" classname="com.crm.TestCases.LoginPageTest"/>
  <testcase name="loginTest" time="21.529" classname="com.crm.TestCases.LoginPageTest"/>
</testsuite> <!-- com.crm.TestCases.LoginPageTest -->
